Compilazione avviata 20/01/2013 21.39.38.
     1>Progetto "C:\Users\edoardo\Documents\Visual Studio 2012\Projects\testrawsocket\testrawsocket\testrawsocket.vcxproj" sul nodo 2 (destinazioni: Build).
     1>ClCompile:
         C:\Program Files\Microsoft Visual Studio 11.0\VC\bin\CL.exe /c /IC:\Users\edoardo\Downloads\WpdPack_4_1_2\WpdPack\Include /ZI /nologo /W3 /WX- /Od /Oy- /D WIN32 /D _DEBUG /D _CONSOLE /D _UNICODE /D UNICODE /Gm /EHsc /RTC1 /MDd /GS /fp:precise /Zc:wchar_t /Zc:forScope /Fo"Debug\\" /Fd"Debug\vc110.pdb" /Gd /TC /analyze- /errorReport:prompt main.c type.c
         type.c
         main.c
         Generazione del codice in corso...
       Link:
         C:\Program Files\Microsoft Visual Studio 11.0\VC\bin\link.exe /ERRORREPORT:PROMPT /OUT:"C:\Users\edoardo\Documents\Visual Studio 2012\Projects\testrawsocket\Debug\testrawsocket.exe" /INCREMENTAL /NOLOGO /LIBPATH:C:\Users\edoardo\Downloads\WpdPack_4_1_2\WpdPack\Lib wpcap.lib Packet.lib kernel32.lib user32.lib gdi32.lib winspool.lib comdlg32.lib advapi32.lib shell32.lib ole32.lib oleaut32.lib uuid.lib odbc32.lib odbccp32.lib /MANIFEST /MANIFESTUAC:"level='asInvoker' uiAccess='false'" /manifest:embed /DEBUG /PDB:"C:\Users\edoardo\Documents\Visual Studio 2012\Projects\testrawsocket\Debug\testrawsocket.pdb" /SUBSYSTEM:CONSOLE /TLBID:1 /DYNAMICBASE /NXCOMPAT /IMPLIB:"C:\Users\edoardo\Documents\Visual Studio 2012\Projects\testrawsocket\Debug\testrawsocket.lib" /MACHINE:X86 Debug\main.obj
         Debug\type.obj
            Creazione della libreria C:\Users\edoardo\Documents\Visual Studio 2012\Projects\testrawsocket\Debug\testrawsocket.lib e dell'oggetto C:\Users\edoardo\Documents\Visual Studio 2012\Projects\testrawsocket\Debug\testrawsocket.exp in corso...
     1>main.obj : error LNK2019: riferimento al simbolo esterno _type_tobj_new non risolto nella funzione _main
     1>C:\Users\edoardo\Documents\Visual Studio 2012\Projects\testrawsocket\Debug\testrawsocket.exe : fatal error LNK1120: 1 esterni non risolti
     1>Compilazione progetto "C:\Users\edoardo\Documents\Visual Studio 2012\Projects\testrawsocket\testrawsocket\testrawsocket.vcxproj" (destinazioni: Build) NON COMPLETATA.

Compilazione NON RIUSCITA.

Tempo trascorso 00:00:02.16
